<?xml version="1.0" encoding="UTF-8"?>
<testng-results skipped="0" failed="0" ignored="0" total="1" passed="1">
  <reporter-output>
  </reporter-output>
  <suite name="Default suite" duration-ms="106082" started-at="2019-10-22T11:37:27Z" finished-at="2019-10-22T11:39:13Z">
    <groups>
    </groups>
    <test name="Default test" duration-ms="106082" started-at="2019-10-22T11:37:27Z" finished-at="2019-10-22T11:39:13Z">
      <class name="exceldata.datafromexcel">
        <test-method status="PASS" signature="f(java.lang.String, java.lang.String)[pri:0, instance:exceldata.datafromexcel@631330c]" name="f" duration-ms="77073" started-at="2019-10-22T11:37:29Z" data-provider="shopifydata" finished-at="2019-10-22T11:38:46Z">
          <params>
            <param index="0">
              <value>
                <![CDATA[sandhya.kvana@gmail.com]]>
              </value>
            </param>
            <param index="1">
              <value>
                <![CDATA[Kvana@123]]>
              </value>
            </param>
          </params>
          <reporter-output>
          </reporter-output>
        </test-method> <!-- f -->
        <test-method status="PASS" signature="testmethod()[pri:0, instance:exceldata.datafromexcel@631330c]" name="testmethod" is-config="true" duration-ms="27251" started-at="2019-10-22T11:38:46Z" finished-at="2019-10-22T11:39:13Z">
          <reporter-output>
          </reporter-output>
        </test-method> <!-- testmethod -->
      </class> <!-- exceldata.datafromexcel -->
    </test> <!-- Default test -->
  </suite> <!-- Default suite -->
</testng-results>
